0 info it worked if it ends with ok
1 verbose cli [ 'node', '/usr/local/bin/npm', 'run', 'dev' ]
2 info using npm@2.11.3
3 info using node@v0.12.7
4 verbose run-script [ 'predev', 'dev', 'postdev' ]
5 info predev angular2-ts-grunt-browserify-starter@1.0.0-SNAPSHOT
6 info dev angular2-ts-grunt-browserify-starter@1.0.0-SNAPSHOT
7 verbose unsafe-perm in lifecycle true
8 info angular2-ts-grunt-browserify-starter@1.0.0-SNAPSHOT Failed to exec dev script
9 verbose stack Error: angular2-ts-grunt-browserify-starter@1.0.0-SNAPSHOT dev: `grunt dev`
9 verbose stack Exit status 6
9 verbose stack     at EventEmitter.<anonymous> (/usr/local/lib/node_modules/npm/lib/utils/lifecycle.js:213:16)
9 verbose stack     at EventEmitter.emit (events.js:110:17)
9 verbose stack     at ChildProcess.<anonymous> (/usr/local/lib/node_modules/npm/lib/utils/spawn.js:24:14)
9 verbose stack     at ChildProcess.emit (events.js:110:17)
9 verbose stack     at maybeClose (child_process.js:1015:16)
9 verbose stack     at Process.ChildProcess._handle.onexit (child_process.js:1087:5)
10 verbose pkgid angular2-ts-grunt-browserify-starter@1.0.0-SNAPSHOT
11 verbose cwd /Users/n.nikolic/Development/angular2-ts-grunt-browserify-starter
12 error Darwin 15.2.0
13 error argv "node" "/usr/local/bin/npm" "run" "dev"
14 error node v0.12.7
15 error npm  v2.11.3
16 error code ELIFECYCLE
17 error angular2-ts-grunt-browserify-starter@1.0.0-SNAPSHOT dev: `grunt dev`
17 error Exit status 6
18 error Failed at the angular2-ts-grunt-browserify-starter@1.0.0-SNAPSHOT dev script 'grunt dev'.
18 error This is most likely a problem with the angular2-ts-grunt-browserify-starter package,
18 error not with npm itself.
18 error Tell the author that this fails on your system:
18 error     grunt dev
18 error You can get their info via:
18 error     npm owner ls angular2-ts-grunt-browserify-starter
18 error There is likely additional logging output above.
19 verbose exit [ 1, true ]
